TN:
SF:src/index.js
FN:12,checksExistsUserAccount
FN:26,checksCreateTodosUserAvailability
FN:41,checksTodoExists
FN:68,findUserById
FNF:4
FNH:4
FNDA:9,checksExistsUserAccount
FNDA:5,checksCreateTodosUserAvailability
FNDA:4,checksTodoExists
FNDA:1,findUserById
DA:1,1
DA:2,1
DA:3,1
DA:4,1
DA:5,1
DA:6,1
DA:7,1
DA:8,1
DA:9,1
DA:10,1
DA:11,1
DA:12,9
DA:13,9
DA:14,9
DA:15,9
DA:16,9
DA:17,9
DA:18,0
DA:19,0
DA:20,9
DA:21,9
DA:22,9
DA:23,9
DA:24,9
DA:25,1
DA:26,5
DA:27,5
DA:28,5
DA:29,5
DA:30,5
DA:31,5
DA:32,5
DA:33,5
DA:34,5
DA:35,5
DA:36,0
DA:37,0
DA:38,0
DA:39,0
DA:40,1
DA:41,4
DA:42,4
DA:43,4
DA:44,4
DA:45,4
DA:46,4
DA:47,1
DA:48,1
DA:49,3
DA:50,3
DA:51,3
DA:52,4
DA:53,1
DA:54,1
DA:55,2
DA:56,2
DA:57,2
DA:58,4
DA:59,1
DA:60,1
DA:61,1
DA:62,1
DA:63,1
DA:64,1
DA:65,1
DA:66,1
DA:67,1
DA:68,1
DA:69,1
DA:70,1
DA:71,1
DA:72,1
DA:73,1
DA:74,0
DA:75,0
DA:76,1
DA:77,1
DA:78,1
DA:79,1
DA:80,1
DA:81,1
DA:82,1
DA:83,8
DA:84,8
DA:85,8
DA:86,8
DA:87,8
DA:88,0
DA:89,0
DA:90,8
DA:91,8
DA:92,8
DA:93,8
DA:94,8
DA:95,8
DA:96,8
DA:97,8
DA:98,8
DA:99,8
DA:100,8
DA:101,8
DA:102,8
DA:103,1
DA:104,1
DA:105,1
DA:106,1
DA:107,1
DA:108,1
DA:109,1
DA:110,1
DA:111,0
DA:112,0
DA:113,0
DA:114,0
DA:115,0
DA:116,0
DA:117,0
DA:118,0
DA:119,0
DA:120,0
DA:121,1
DA:122,1
DA:123,2
DA:124,2
DA:125,2
DA:126,2
DA:127,1
DA:128,1
DA:129,5
DA:130,5
DA:131,5
DA:132,5
DA:133,5
DA:134,5
DA:135,5
DA:136,5
DA:137,5
DA:138,5
DA:139,5
DA:140,5
DA:141,5
DA:142,5
DA:143,5
DA:144,1
DA:145,1
DA:146,1
DA:147,1
DA:148,1
DA:149,1
DA:150,1
DA:151,1
DA:152,1
DA:153,1
DA:154,1
DA:155,1
DA:156,1
DA:157,1
DA:158,1
DA:159,1
DA:160,1
DA:161,1
DA:162,1
DA:163,1
DA:164,1
DA:165,1
DA:166,1
DA:167,1
DA:168,1
DA:169,0
DA:170,0
DA:171,1
DA:172,1
DA:173,1
DA:174,1
DA:175,1
DA:176,1
DA:177,1
DA:178,1
DA:179,1
DA:180,1
DA:181,1
DA:182,1
DA:183,1
DA:184,1
LF:184
LH:162
BRDA:12,0,0,9
BRDA:17,1,0,0
BRDA:15,2,0,41
BRDA:26,3,0,5
BRDA:32,4,0,0
BRDA:36,5,0,0
BRDA:41,6,0,4
BRDA:46,7,0,1
BRDA:49,8,0,3
BRDA:52,9,0,1
BRDA:54,10,0,2
BRDA:58,11,0,1
BRDA:50,12,0,2
BRDA:56,13,0,1
BRDA:68,14,0,1
BRDA:73,15,0,0
BRDA:71,16,0,3
BRDA:82,17,0,8
BRDA:87,18,0,0
BRDA:85,19,0,28
BRDA:104,20,0,1
BRDA:122,21,0,2
BRDA:128,22,0,5
BRDA:145,23,0,1
BRDA:155,24,0,1
BRDA:163,25,0,1
BRDA:168,26,0,0
BRF:27
BRH:21
end_of_record
